<?xml version="1.0" encoding="UTF-8"?>
<!-- Generated by org.testng.reporters.JUnitReportReporter -->
<testsuite skipped="0" hostname="INPU51YMBH2" name="com.learnautomation.testcases.LoginTestCRM" tests="1" failures="0" timestamp="16 Jun 2021 15:39:11 GMT" time="6.327" errors="0">
  <testcase name="loginApp" time="6.327" classname="com.learnautomation.testcases.LoginTestCRM"/>
</testsuite> <!-- com.learnautomation.testcases.LoginTestCRM -->
