<?xml version="1.0" encoding="UTF-8"?>
<!-- Generated by org.testng.reporters.JUnitReportReporter -->
<testsuite skipped="0" hostname="INPU51YMBH2" name="com.learnautomation.testcases.LoginTestCase" tests="1" failures="0" timestamp="24 Jul 2021 11:40:25 GMT" time="6.546" errors="0">
  <testcase name="loginApp" time="6.546" classname="com.learnautomation.testcases.LoginTestCase"/>
</testsuite> <!-- com.learnautomation.testcases.LoginTestCase -->
